{
    "actions": [
        {
            "ts_fact": 1485600843,
            "fact_name": "action_1",
            "actor_id": 122423,
            "props": {
                "p1": 1,
                "p2": 2,
                "p3": 3
            }
        },
        {
            "ts_fact": 1485600845,
            "fact_name": "action_1",
            "actor_id": 122423,
            "props": {
                "p1": 12,
                "p2": 2,
                "p3": 3
            }
        },
        {
            "ts_fact": 1485480664,
            "fact_name": "action_1",
            "actor_id": 122423,
            "props": {
                "p1": 1,
                "p2": 2,
                "p3": 3
            }
        },
        {
            "ts_fact": 1485388451,
            "fact_name": "action_1",
            "actor_id": 122423,
            "props": {
                "p1": 1,
                "p2": 2,
                "p3": 3
            }
        },
        {
            "ts_fact": 1485435163,
            "fact_name": "action_2",
            "actor_id": 122423,
            "props": {
                "p1": 11,
                "p2": 22,
                "p3": 33
            }
        },
        {
            "ts_fact": 1485714415,
            "fact_name": "action_1",
            "actor_id": 122423,
            "props": {
                "p1": 11,
                "p2": 22,
                "p3": 33
            }
        },
        {
            "ts_fact": 1485690941,
            "fact_name": "action_1",
            "actor_id": 122423,
            "props": {
                "p1": 111,
                "p2": 222,
                "p3": 333
            }
        },
        {
            "ts_fact": 1485581046,
            "fact_name": "action_1",
            "actor_id": 122423,
            "props": {
                "p1": 1,
                "p2": 2,
                "p3": 3
            }
        },
        {
            "ts_fact": 1485462326,
            "fact_name": "action_3",
            "actor_id": 122423,
            "props": {
                "p1": 1,
                "p2": 2,
                "p3": 3
            }
        },
        {
            "ts_fact": 1485563488,
            "fact_name": "action_3",
            "actor_id": 122423,
            "props": {
                "p1": 111,
                "p2": 222,
                "p3": 333
            }
        }
    ]
}